<?xml version="1.0" encoding="UTF-8"?>
<testsuite name="org.apache.fineract.bff.FineractBffPocApplicationTests" tests="1" skipped="0" failures="0" errors="0" timestamp="2026-02-01T13:05:25.168Z" hostname="hp-elitebook" time="6.302">
  <properties/>
  <testcase name="contextLoads()" classname="org.apache.fineract.bff.FineractBffPocApplicationTests" time="6.302"/>
  <system-out><![CDATA[14:05:02.556 [Test worker] INFO org.springframework.test.context.support.AnnotationConfigContextLoaderUtils -- Could not detect default configuration classes for test class [org.apache.fineract.bff.FineractBffPocApplicationTests]: FineractBffPocApplicationTests does not declare any static, non-private, non-final, nested classes annotated with @Configuration.
14:05:03.050 [Test worker] INFO org.springframework.boot.test.context.SpringBootTestContextBootstrapper -- Found @SpringBootConfiguration org.apache.fineract.bff.FineractBffPocApplication for test class org.apache.fineract.bff.FineractBffPocApplicationTests

  .   ____          _            __ _ _
 /\\ / ___'_ __ _ _(_)_ __  __ _ \ \ \ \
( ( )\___ | '_ | '_| | '_ \/ _` | \ \ \ \
 \\/  ___)| |_)| | | | | || (_| |  ) ) ) )
  '  |____| .__|_| |_|_| |_\__, | / / / /
 =========|_|==============|___/=/_/_/_/

 :: Spring Boot ::               (v3.5.10)

2026-02-01T14:05:05.106+01:00  INFO 192433 --- [fineract-bff-poc] [    Test worker] o.a.f.b.FineractBffPocApplicationTests   : Starting FineractBffPocApplicationTests using Java 21.0.9 with PID 192433 (started by yvana in /home/yvana/fineract-bff-poc)
2026-02-01T14:05:05.109+01:00  INFO 192433 --- [fineract-bff-poc] [    Test worker] o.a.f.b.FineractBffPocApplicationTests   : No active profile set, falling back to 1 default profile: "default"
2026-02-01T14:05:14.404+01:00  WARN 192433 --- [fineract-bff-poc] [    Test worker] .s.s.UserDetailsServiceAutoConfiguration : 

Using generated security password: bdfa494b-10ac-4cdc-bce0-6e607da409ac

This generated password is for development use only. Your security configuration must be updated before running your application in production.

2026-02-01T14:05:14.417+01:00  INFO 192433 --- [fineract-bff-poc] [    Test worker] r$InitializeUserDetailsManagerConfigurer : Global AuthenticationManager configured with UserDetailsService bean with name inMemoryUserDetailsManager
2026-02-01T14:05:14.591+01:00  INFO 192433 --- [fineract-bff-poc] [    Test worker] o.s.b.a.e.web.EndpointLinksResolver      : Exposing 1 endpoint beneath base path '/actuator'
2026-02-01T14:05:19.058+01:00  INFO 192433 --- [fineract-bff-poc] [    Test worker] o.a.f.b.FineractBffPocApplicationTests   : Started FineractBffPocApplicationTests in 15.099 seconds (process running for 21.613)
]]></system-out>
  <system-err><![CDATA[Mockito is currently self-attaching to enable the inline-mock-maker. This will no longer work in future releases of the JDK. Please add Mockito as an agent to your build as described in Mockito's documentation: https://javadoc.io/doc/org.mockito/mockito-core/latest/org.mockito/org/mockito/Mockito.html#0.3
WARNING: A Java agent has been loaded dynamically (/home/yvana/.gradle/caches/modules-2/files-2.1/net.bytebuddy/byte-buddy-agent/1.17.8/f09415827a71be7ed621c7bd02550678f28bc81c/byte-buddy-agent-1.17.8.jar)
WARNING: If a serviceability tool is in use, please run with -XX:+EnableDynamicAgentLoading to hide this warning
WARNING: If a serviceability tool is not in use, please run with -Djdk.instrument.traceUsage for more information
WARNING: Dynamic loading of agents will be disallowed by default in a future release
]]></system-err>
</testsuite>
